2024.08.19 18:47:53 WARN  Flyway upgrade recommended: H2 2.3.230 is newer than this version of Flyway and support has not been tested. The latest supported version of H2 is 2.2.220.
2024.08.19 18:47:53 INFO  no build target found for C:\Users\USER\Downloads\SCS 2204 Functional Pragramming Practicals\Scala-Practical-09\Q1.scala. Using presentation compiler with project's scala-library version: 3.3.3
2024.08.19 18:47:53 WARN  no build target for: C:\Users\USER\Downloads\SCS 2204 Functional Pragramming Practicals\Scala-Practical-09\Q1.scala
2024.08.19 18:47:53 INFO  no build target found for C:\Users\USER\Downloads\SCS 2204 Functional Pragramming Practicals\Scala-Practical-09\Q1.scala. Using presentation compiler with project's scala-library version: 3.3.3
2024.08.19 18:47:53 INFO  no build target found for C:\Users\USER\Downloads\SCS 2204 Functional Pragramming Practicals\Scala-Practical-09\Q1.scala. Using presentation compiler with project's scala-library version: 3.3.3
2024.08.19 18:47:58 INFO  no build target found for C:\Users\USER\Downloads\SCS 2204 Functional Pragramming Practicals\Scala-Practical-09\Q1.scala. Using presentation compiler with project's scala-library version: 3.3.3
2024.08.19 18:47:58 INFO  no build target found for C:\Users\USER\Downloads\SCS 2204 Functional Pragramming Practicals\Scala-Practical-09\Q1.scala. Using presentation compiler with project's scala-library version: 3.3.3
2024.08.19 18:47:58 INFO  no build target found for C:\Users\USER\Downloads\SCS 2204 Functional Pragramming Practicals\Scala-Practical-09\Q1.scala. Using presentation compiler with project's scala-library version: 3.3.3
2024.08.19 18:47:59 INFO  no build target found for C:\Users\USER\Downloads\SCS 2204 Functional Pragramming Practicals\Scala-Practical-09\Q1.scala. Using presentation compiler with project's scala-library version: 3.3.3
2024.08.19 18:47:59 INFO  no build target found for C:\Users\USER\Downloads\SCS 2204 Functional Pragramming Practicals\Scala-Practical-09\Q1.scala. Using presentation compiler with project's scala-library version: 3.3.3
2024.08.19 18:47:59 INFO  no build target found for C:\Users\USER\Downloads\SCS 2204 Functional Pragramming Practicals\Scala-Practical-09\Q1.scala. Using presentation compiler with project's scala-library version: 3.3.3
2024.08.19 18:48:00 INFO  no build target found for C:\Users\USER\Downloads\SCS 2204 Functional Pragramming Practicals\Scala-Practical-09\Q1.scala. Using presentation compiler with project's scala-library version: 3.3.3
2024.08.19 18:48:00 INFO  no build target found for C:\Users\USER\Downloads\SCS 2204 Functional Pragramming Practicals\Scala-Practical-09\Q1.scala. Using presentation compiler with project's scala-library version: 3.3.3
2024.08.19 18:48:03 INFO  no build target found for C:\Users\USER\Downloads\SCS 2204 Functional Pragramming Practicals\Scala-Practical-09\Q1.scala. Using presentation compiler with project's scala-library version: 3.3.3
2024.08.19 18:48:05 INFO  no build target found for C:\Users\USER\Downloads\SCS 2204 Functional Pragramming Practicals\Scala-Practical-09\Q1.scala. Using presentation compiler with project's scala-library version: 3.3.3
2024.08.19 18:48:05 INFO  no build target found for C:\Users\USER\Downloads\SCS 2204 Functional Pragramming Practicals\Scala-Practical-09\Q1.scala. Using presentation compiler with project's scala-library version: 3.3.3
2024.08.19 18:48:07 INFO  no build target found for C:\Users\USER\Downloads\SCS 2204 Functional Pragramming Practicals\Scala-Practical-09\Q1.scala. Using presentation compiler with project's scala-library version: 3.3.3
2024.08.19 18:48:15 INFO  no build target found for C:\Users\USER\Downloads\SCS 2204 Functional Pragramming Practicals\Scala-Practical-09\Q1.scala. Using presentation compiler with project's scala-library version: 3.3.3
2024.08.19 18:48:16 INFO  no build target found for C:\Users\USER\Downloads\SCS 2204 Functional Pragramming Practicals\Scala-Practical-09\Q1.scala. Using presentation compiler with project's scala-library version: 3.3.3
2024.08.19 18:48:18 INFO  no build target found for C:\Users\USER\Downloads\SCS 2204 Functional Pragramming Practicals\Scala-Practical-09\Q1.scala. Using presentation compiler with project's scala-library version: 3.3.3
2024.08.19 18:48:20 INFO  no build target found for C:\Users\USER\Downloads\SCS 2204 Functional Pragramming Practicals\Scala-Practical-09\Q1.scala. Using presentation compiler with project's scala-library version: 3.3.3
2024.08.19 18:48:20 INFO  no build target found for C:\Users\USER\Downloads\SCS 2204 Functional Pragramming Practicals\Scala-Practical-09\Q1.scala. Using presentation compiler with project's scala-library version: 3.3.3
2024.08.19 18:48:21 INFO  no build target found for C:\Users\USER\Downloads\SCS 2204 Functional Pragramming Practicals\Scala-Practical-09\Q1.scala. Using presentation compiler with project's scala-library version: 3.3.3
2024.08.19 18:48:21 INFO  no build target found for C:\Users\USER\Downloads\SCS 2204 Functional Pragramming Practicals\Scala-Practical-09\Q1.scala. Using presentation compiler with project's scala-library version: 3.3.3
2024.08.19 18:48:21 INFO  no build target found for C:\Users\USER\Downloads\SCS 2204 Functional Pragramming Practicals\Scala-Practical-09\Q1.scala. Using presentation compiler with project's scala-library version: 3.3.3
2024.08.19 18:48:21 INFO  no build target found for C:\Users\USER\Downloads\SCS 2204 Functional Pragramming Practicals\Scala-Practical-09\Q1.scala. Using presentation compiler with project's scala-library version: 3.3.3
2024.08.19 18:48:22 INFO  no build target found for C:\Users\USER\Downloads\SCS 2204 Functional Pragramming Practicals\Scala-Practical-09\Q1.scala. Using presentation compiler with project's scala-library version: 3.3.3
2024.08.19 18:48:22 INFO  no build target found for C:\Users\USER\Downloads\SCS 2204 Functional Pragramming Practicals\Scala-Practical-09\Q1.scala. Using presentation compiler with project's scala-library version: 3.3.3
2024.08.19 18:48:22 INFO  no build target found for C:\Users\USER\Downloads\SCS 2204 Functional Pragramming Practicals\Scala-Practical-09\Q1.scala. Using presentation compiler with project's scala-library version: 3.3.3
2024.08.19 18:48:22 INFO  no build target found for C:\Users\USER\Downloads\SCS 2204 Functional Pragramming Practicals\Scala-Practical-09\Q1.scala. Using presentation compiler with project's scala-library version: 3.3.3
2024.08.19 18:48:23 INFO  no build target found for C:\Users\USER\Downloads\SCS 2204 Functional Pragramming Practicals\Scala-Practical-09\Q1.scala. Using presentation compiler with project's scala-library version: 3.3.3
2024.08.19 18:48:24 INFO  no build target found for C:\Users\USER\Downloads\SCS 2204 Functional Pragramming Practicals\Scala-Practical-09\Q1.scala. Using presentation compiler with project's scala-library version: 3.3.3
2024.08.19 18:48:23 INFO  no build target found for C:\Users\USER\Downloads\SCS 2204 Functional Pragramming Practicals\Scala-Practical-09\Q1.scala. Using presentation compiler with project's scala-library version: 3.3.3
2024.08.19 18:48:24 INFO  no build target found for C:\Users\USER\Downloads\SCS 2204 Functional Pragramming Practicals\Scala-Practical-09\Q1.scala. Using presentation compiler with project's scala-library version: 3.3.3
2024.08.19 18:48:24 INFO  no build target found for C:\Users\USER\Downloads\SCS 2204 Functional Pragramming Practicals\Scala-Practical-09\Q1.scala. Using presentation compiler with project's scala-library version: 3.3.3
2024.08.19 18:48:25 INFO  Running List(C:\Users\USER\AppData\Local\Coursier\data\bin\scala-cli.BAT, setup-ide, C:\Users\USER\Downloads\SCS 2204 Functional Pragramming Practicals\Scala-Practical-09)
2024.08.19 18:48:25 INFO  Attempting to connect to the build server...
2024.08.19 18:48:25 INFO  Running BSP server List(C:\Users\USER\AppData\Local\Coursier\data\bin\.scala-cli.aux.exe, bsp, --json-options, C:\Users\USER\Downloads\SCS 2204 Functional Pragramming Practicals\Scala-Practical-09\.scala-build\ide-options-v2.json, --json-launcher-options, C:\Users\USER\Downloads\SCS 2204 Functional Pragramming Practicals\Scala-Practical-09\.scala-build\ide-launcher-options.json, --envs-file, C:\Users\USER\Downloads\SCS 2204 Functional Pragramming Practicals\Scala-Practical-09\.scala-build\ide-envs.json, C:\Users\USER\Downloads\SCS 2204 Functional Pragramming Practicals\Scala-Practical-09)
2024.08.19 18:48:25 INFO  tracing is disabled for protocol BSP, to enable tracing of incoming and outgoing JSON messages create an empty file at C:\Users\USER\Downloads\SCS 2204 Functional Pragramming Practicals\Scala-Practical-09\.metals\bsp.trace.json or C:\Users\USER\AppData\Local\scalameta\metals\cache\bsp.trace.json
2024.08.19 18:48:26 INFO  no build target found for C:\Users\USER\Downloads\SCS 2204 Functional Pragramming Practicals\Scala-Practical-09\Q1.scala. Using presentation compiler with project's scala-library version: 3.3.3
2024.08.19 18:48:27 INFO  no build target found for C:\Users\USER\Downloads\SCS 2204 Functional Pragramming Practicals\Scala-Practical-09\Q1.scala. Using presentation compiler with project's scala-library version: 3.3.3
2024.08.19 18:48:27 INFO  no build target found for C:\Users\USER\Downloads\SCS 2204 Functional Pragramming Practicals\Scala-Practical-09\Q1.scala. Using presentation compiler with project's scala-library version: 3.3.3
2024.08.19 18:48:28 INFO  time: Connected to build server in 2.73s
2024.08.19 18:48:28 INFO  Connected to Build server: scala-cli v1.3.2
2024.08.19 18:48:27 INFO  running doctor check
2024.08.19 18:48:27 INFO  java targets: Scala-Practical-09_f4dd477a3a, Scala-Practical-09_f4dd477a3a-test
2024.08.19 18:48:28 INFO  compiling scala-practical-09_f4dd477a3a (1 scala source)
2024.08.19 18:48:28 INFO  time: compiled Scala-Practical-09_f4dd477a3a in 0.47s
2024.08.19 18:48:29 WARN  Flyway upgrade recommended: H2 2.3.230 is newer than this version of Flyway and support has not been tested. The latest supported version of H2 is 2.2.220.
2024.08.19 18:48:29 INFO  time: indexed workspace in 1.83s
2024.08.19 18:48:30 WARN  no build target for: C:\Users\USER\Downloads\SCS 2204 Functional Pragramming Practicals\Scala-Practical-08\Q2.scala
2024.08.19 18:54:04 INFO  compiling scala-practical-09_f4dd477a3a (1 scala source)
2024.08.19 18:54:04 INFO  time: compiled Scala-Practical-09_f4dd477a3a in 0.23s
2024.08.19 18:54:52 INFO  compiling scala-practical-09_f4dd477a3a (1 scala source)
2024.08.19 18:54:54 INFO  time: compiled Scala-Practical-09_f4dd477a3a in 1.61s
2024.08.19 18:55:00 INFO  compiling scala-practical-09_f4dd477a3a (1 scala source)
2024.08.19 18:55:00 INFO  time: compiled Scala-Practical-09_f4dd477a3a in 0.62s
2024.08.19 18:55:42 INFO  compiling scala-practical-09_f4dd477a3a (1 scala source)
2024.08.19 18:55:42 INFO  time: compiled Scala-Practical-09_f4dd477a3a in 0.24s
2024.08.19 18:55:51 INFO  compiling scala-practical-09_f4dd477a3a (1 scala source)
2024.08.19 18:55:51 INFO  time: compiled Scala-Practical-09_f4dd477a3a in 0.13s
2024.08.19 18:55:57 INFO  compiling scala-practical-09_f4dd477a3a (1 scala source)
2024.08.19 18:55:57 INFO  time: compiled Scala-Practical-09_f4dd477a3a in 87ms
2024.08.19 18:56:24 INFO  compiling scala-practical-09_f4dd477a3a (1 scala source)
2024.08.19 18:56:24 INFO  time: compiled Scala-Practical-09_f4dd477a3a in 0.33s
2024.08.19 18:56:57 INFO  compiling scala-practical-09_f4dd477a3a (1 scala source)
2024.08.19 18:56:57 INFO  time: compiled Scala-Practical-09_f4dd477a3a in 0.28s
2024.08.19 18:57:24 INFO  compiling scala-practical-09_f4dd477a3a (1 scala source)
2024.08.19 18:57:24 INFO  time: compiled Scala-Practical-09_f4dd477a3a in 0.26s
2024.08.19 19:18:18 INFO  Shut down connection with build server.
2024.08.19 19:20:27 INFO  no build target found for C:\Users\USER\Downloads\SCS 2204 Functional Pragramming Practicals\Scala-Practical-09\Q2.scala. Using presentation compiler with project's scala-library version: 3.3.3
2024.08.19 19:20:27 INFO  no build target found for C:\Users\USER\Downloads\SCS 2204 Functional Pragramming Practicals\Scala-Practical-09\Q2.scala. Using presentation compiler with project's scala-library version: 3.3.3
2024.08.19 19:20:27 WARN  no build target for: C:\Users\USER\Downloads\SCS 2204 Functional Pragramming Practicals\Scala-Practical-09\Q2.scala
2024.08.19 19:20:27 INFO  no build target found for C:\Users\USER\Downloads\SCS 2204 Functional Pragramming Practicals\Scala-Practical-09\Q2.scala. Using presentation compiler with project's scala-library version: 3.3.3
2024.08.19 19:20:27 INFO  no build target found for C:\Users\USER\Downloads\SCS 2204 Functional Pragramming Practicals\Scala-Practical-09\Q2.scala. Using presentation compiler with project's scala-library version: 3.3.3
2024.08.19 19:20:27 INFO  running doctor check
2024.08.19 19:20:27 INFO  java targets: Scala-Practical-09_f4dd477a3a, Scala-Practical-09_f4dd477a3a-test
2024.08.19 19:20:28 INFO  compiling scala-practical-09_f4dd477a3a (1 scala source)
2024.08.19 19:20:28 INFO  time: compiled Scala-Practical-09_f4dd477a3a in 0.35s
2024.08.19 19:20:29 INFO  time: indexed workspace in 1.02s
2024.08.19 19:21:02 INFO  no build target found for C:\Users\USER\Downloads\SCS 2204 Functional Pragramming Practicals\Scala-Practical-09\Q3.scala. Using presentation compiler with project's scala-library version: 3.3.3
2024.08.19 19:21:02 INFO  no build target found for C:\Users\USER\Downloads\SCS 2204 Functional Pragramming Practicals\Scala-Practical-09\Q3.scala. Using presentation compiler with project's scala-library version: 3.3.3
2024.08.19 19:21:02 WARN  no build target for: C:\Users\USER\Downloads\SCS 2204 Functional Pragramming Practicals\Scala-Practical-09\Q3.scala
2024.08.19 19:21:02 INFO  no build target found for C:\Users\USER\Downloads\SCS 2204 Functional Pragramming Practicals\Scala-Practical-09\Q3.scala. Using presentation compiler with project's scala-library version: 3.3.3
2024.08.19 19:21:02 INFO  no build target found for C:\Users\USER\Downloads\SCS 2204 Functional Pragramming Practicals\Scala-Practical-09\Q3.scala. Using presentation compiler with project's scala-library version: 3.3.3
2024.08.19 19:21:03 INFO  running doctor check
2024.08.19 19:21:03 INFO  java targets: Scala-Practical-09_f4dd477a3a, Scala-Practical-09_f4dd477a3a-test
2024.08.19 19:21:03 INFO  compiling scala-practical-09_f4dd477a3a (1 scala source)
2024.08.19 19:21:03 INFO  time: compiled Scala-Practical-09_f4dd477a3a in 0.34s
2024.08.19 19:21:03 INFO  time: indexed workspace in 0.95s
2024.08.19 19:39:01 INFO  compiling scala-practical-09_f4dd477a3a (1 scala source)
2024.08.19 19:39:01 INFO  time: compiled Scala-Practical-09_f4dd477a3a in 0.29s
2024.08.19 19:39:33 INFO  compiling scala-practical-09_f4dd477a3a (1 scala source)
2024.08.19 19:39:33 INFO  time: compiled Scala-Practical-09_f4dd477a3a in 0.24s
2024.08.19 19:39:40 INFO  compiling scala-practical-09_f4dd477a3a (1 scala source)
2024.08.19 19:39:40 INFO  time: compiled Scala-Practical-09_f4dd477a3a in 0.27s
2024.08.19 19:41:49 INFO  compiling scala-practical-09_f4dd477a3a (1 scala source)
2024.08.19 19:41:49 INFO  time: compiled Scala-Practical-09_f4dd477a3a in 0.26s
2024.08.19 19:42:28 INFO  compiling scala-practical-09_f4dd477a3a (1 scala source)
2024.08.19 19:42:28 INFO  time: compiled Scala-Practical-09_f4dd477a3a in 0.35s
Exception in thread "pool-11-thread-1" java.lang.InterruptedException
	at scala.meta.internal.metals.FutureCancelToken.checkCanceled(FutureCancelToken.scala:29)
	at scala.meta.internal.pc.CompilerAccess.onCompilerJobQueue$$anonfun$1(CompilerAccess.scala:244)
	at scala.meta.internal.pc.CompilerJobQueue$Job.run(CompilerJobQueue.scala:153)
	at java.base/java.util.concurrent.ThreadPoolExecutor.runWorker(ThreadPoolExecutor.java:1136)
	at java.base/java.util.concurrent.ThreadPoolExecutor$Worker.run(ThreadPoolExecutor.java:635)
	at java.base/java.lang.Thread.run(Thread.java:833)
2024.08.19 19:47:18 INFO  Shutting down server
2024.08.19 19:47:18 INFO  shutting down Metals
2024.08.19 19:47:19 INFO  Shut down connection with build server.
2024.08.19 19:47:18 INFO  Exiting server
